Info: Generated by version: 19.3 build 222
Info: Starting: Create block symbol file (.bsf)
Info: qsys-generate /home/zzhao1/project/gen_esram_19_3/esram.ip --block-symbol-file --output-directory=/home/zzhao1/project/gen_esram_19_3/esram --family="Stratix 10" --part=1SM21BHU2F53E2VGS1
Info: esram.esram_0: Targeting device family: Stratix 10.
Info: esram.esram_0.iopll: Able to implement PLL with user settings
Info: qsys-generate succeeded.
Info: Finished: Create block symbol file (.bsf)
Info:
Info: Starting: Create HDL design files for synthesis
Info: qsys-generate /home/zzhao1/project/gen_esram_19_3/esram.ip --synthesis=VERILOG --output-directory=/home/zzhao1/project/gen_esram_19_3/esram --family="Stratix 10" --part=1SM21BHU2F53E2VGS1
Info: esram.esram_0: Targeting device family: Stratix 10.
Info: esram.esram_0.iopll: Able to implement PLL with user settings
Info: esram_0.iopll: Able to implement PLL with user settings
Info: esram: "Transforming system: esram"
Info: esram: "Naming system components in system: esram"
Info: esram: "Processing generation queue"
Info: esram: "Generating: esram"
Info: esram: "Generating: esram_esram_1913_a3ainji"
Info: iopll: "Generating: iopll"
Info: esram: "Generating: iopll"
Info: esram: "Generating: esram_altera_iopll_1930_rnqonzq"
Info: esram: Done "esram" with 4 modules, 10 files
Info: qsys-generate succeeded.
Info: Finished: Create HDL design files for synthesis
Info: Starting: Generate IP Core Documentation
Info: No documentation filesets were found for components in esram. No files generated.
Info: Finished: Generate IP Core Documentation
